2021-10-31 02:32:44,038:SY_log:test_recharges:atest_recharge.py:38:DEBUG:当前数据库余额：6196.99
2021-10-31 02:32:44,074:SY_log:test_recharges:atest_recharge.py:46:DEBUG:测试用例：充值成功
2021-10-31 02:32:44,074:SY_log:test_recharges:atest_recharge.py:47:DEBUG:替换后的case：{'case_name': '充值成功', 'data': '{"phone":"16628554195","password":"123456","money":"100"}', 'expect': '{"code": 0, "msg": "success", "money": 6296.99}', 'check_sq': 'SELECT CAST(users.MONEY as CHAR)  as MONEY FROM `users` WHERE  PHONE=16628554195 AND `PASSWORD`=123456'}
2021-10-31 02:32:44,074:SY_log:test_recharges:atest_recharge.py:48:DEBUG:接口响应参数:{'code': 0, 'money': 6296.99, 'msg': 'success'}
2021-10-31 02:32:44,080:SY_log:test_recharges:atest_recharge.py:46:DEBUG:测试用例：全部为空
2021-10-31 02:32:44,080:SY_log:test_recharges:atest_recharge.py:47:DEBUG:替换后的case：{'case_name': '全部为空', 'data': '{"phone":"","password":"","money":""}', 'expect': '{"code":407,"msg":"Wrong argument"}', 'check_sq': None}
2021-10-31 02:32:44,080:SY_log:test_recharges:atest_recharge.py:48:DEBUG:接口响应参数:{'code': 407, 'msg': 'Wrong argument'}
2021-10-31 02:32:44,085:SY_log:test_recharges:atest_recharge.py:46:DEBUG:测试用例：手机号含字符串
2021-10-31 02:32:44,085:SY_log:test_recharges:atest_recharge.py:47:DEBUG:替换后的case：{'case_name': '手机号含字符串', 'data': '{"phone":"1662855419a","password":"123456","money":"100"}', 'expect': '{"code": 401, "msg": " phone type not int"}', 'check_sq': None}
2021-10-31 02:32:44,085:SY_log:test_recharges:atest_recharge.py:48:DEBUG:接口响应参数:{'code': 401, 'msg': ' phone type not int'}
2021-10-31 02:32:44,090:SY_log:test_recharges:atest_recharge.py:46:DEBUG:测试用例：手机号长度12
2021-10-31 02:32:44,090:SY_log:test_recharges:atest_recharge.py:47:DEBUG:替换后的case：{'case_name': '手机号长度12', 'data': '{"phone":"166285541951","password":"123456","money":"100"}', 'expect': '{"code": 402, "msg": " phone leng not >11"}', 'check_sq': None}
2021-10-31 02:32:44,090:SY_log:test_recharges:atest_recharge.py:48:DEBUG:接口响应参数:{'code': 402, 'msg': ' phone leng not >11'}
2021-10-31 02:32:44,096:SY_log:test_recharges:atest_recharge.py:46:DEBUG:测试用例：手机号号长度10位
2021-10-31 02:32:44,096:SY_log:test_recharges:atest_recharge.py:47:DEBUG:替换后的case：{'case_name': '手机号号长度10位', 'data': '{"phone":"1662855419","password":"123456","money":"100"}', 'expect': '{"code": 403, "msg": " phone leng not <11"}', 'check_sq': None}
2021-10-31 02:32:44,096:SY_log:test_recharges:atest_recharge.py:48:DEBUG:接口响应参数:{'code': 403, 'msg': ' phone leng not <11'}
2021-10-31 02:32:44,113:SY_log:test_recharges:atest_recharge.py:46:DEBUG:测试用例：错误的密码
2021-10-31 02:32:44,113:SY_log:test_recharges:atest_recharge.py:47:DEBUG:替换后的case：{'case_name': '错误的密码', 'data': '{"phone":"16628554195","password":"1234567","money":"100"}', 'expect': '{"code":406,"msg":"The account or password is incorrect"}', 'check_sq': None}
2021-10-31 02:32:44,113:SY_log:test_recharges:atest_recharge.py:48:DEBUG:接口响应参数:{'code': 406, 'msg': 'The account or password is incorrect'}
2021-10-31 02:32:44,119:SY_log:test_recharges:atest_recharge.py:46:DEBUG:测试用例：充值金额为字符串
2021-10-31 02:32:44,119:SY_log:test_recharges:atest_recharge.py:47:DEBUG:替换后的case：{'case_name': '充值金额为字符串', 'data': '{"phone":"16628554195","password":"123456","money":"100a"}', 'expect': '{"code": 404, "msg": " money type not int or float"}', 'check_sq': None}
2021-10-31 02:32:44,119:SY_log:test_recharges:atest_recharge.py:48:DEBUG:接口响应参数:{'code': 404, 'msg': ' money type not int or float'}
