2021-11-04 22:33:27,894:SY_log:test01_cart_list:Test01_cart.py:84:WARNING:购物车列表响应数据:{'code': 0, 'error': '', 'msg': 'success', 'data': {'available': True, 'forCheckoutQty': 9, 'saveForLaterQty': 57, 'hasGiftGarmentBag': False, 'summary': {'shippingFee': 29.95, 'shippingFeeDisplay': '$29.95', 'oldShippingFee': 29.95, 'oldShippingFeeDisplay': '$29.95', 'savedShippingFee': 0, 'savedShippingFeeDisplay': '$0', 'goodsAmount': 450, 'goodsAmountDisplay': '$450', 'totalAmount': 479.95, 'totalAmountDisplay': '$479.95', 'currencySymbol': '$', 'hasDiffCat': False, 'displayNotIncludeNotice': False, 'couponDeductAmount': 0, 'couponDeductAmountDisplay': '-$0', 'totalNoDealGoodsAmount': 450, 'totalNoDealGoodsAmountDisplay': '$450', 'totalNoDealAmount': 479.95, 'totalNoDealAmountDisplay': '$479.95', 'activityOrderBonus': 0, 'activityOrderBonusDisplay': '$0', 'activityCouponCode': None, 'hasRush': False, 'hasUpgradeRush': False, 'isSpringRush': False, 'hasAfterPay': True, 'afterPayTips': 'or 4 interest-free payments of  $119.99 by', 'canUseAfterPay': True}, 'checkoutGoodsList': [{'recId': 8394469, 'goodsId': 1003817, 'userId': 2824177, 'sessionId': 'FsEc2cFMfbvzcG2Jubu4ff8vw0', 'goodsSn': 'SN1571116558069', 'partySelectValue': '', 'fromSource': '', 'goodsNumber': 9, 'goodsAttr': '', 'isReal': 0, 'extensionCode': '', 'parentId': 0, 'recType': 0, 'isGift': 0, 'canHandsel': 0, 'styleId': 0, 'styles': {'size_type': '_inch', 'select': {'color': '12561', 'size': '169885', 'colorName': 'sp_burgundy_#6a222a', 'sizeName': '4'}, 'rush_type': 'standard', 'freestyle': 'true', 'other': {'important_day': '0000-00-00'}, 'styleJson': '{"size_type":"_inch","select":{"color":"12561","size":"169885"},"rush_type":"standard","freestyle":"true","other":{"important_day":"0000-00-00"}}'}, 'forCheckout': 1, 'marketPrice': '1000.00', 'wrapPrice': 0, 'goodsWeight': 0, 'sku': 0, 'catId': 3, 'dressType': 'dress', 'styleJson': '{"size_type":"_inch","select":{"color":"12561","size":"169885"},"rush_type":"standard","freestyle":"true","other":{"important_day":"0000-00-00"}}', 'isNew': 0, 'isOnSale': 1, 'shopPrice': 50, 'noDealPrice': 50, 'onSaleTime': '2019-11-28 01:42:13', 'brandId': 1, 'isDelete': 0, 'isDisplay': 1, 'isMassProduct': 1, 'isEspecialProduct': 1, 'supportStockSales': False, 'supportTryon': False, 'goodsThumb': '9d/36/b484e2452b80c8eb1e12b172a0229d36.jpg', 'imgType': 'photo', 'color': 'sp_burgundy_#6a222a', 'colorId': 12562, 'goodsName': 'Blush Mark Perfect Timing {Color} Maxi Dress', 'goodsUrlName': 'Blush Mark Perfect Timing {Color} Maxi Sod Dress', 'styleTag': '', 'hasSash': False, 'defaultColor': 'sp_burgundy_#6a222a', 'defaultColorId': 12562, 'shownColor': 'Burgundy', 'categoryUrl': '/all/dresses', 'indexUrl': '/', 'goodsUrl': '/products/blush-mark-perfect-timing-burgundy-maxi-sod-dress/100261', 'goodsDefaultUrl': '/products/blush-mark-perfect-timing-{color}-maxi-sod-dress', 'shownGoodsName': 'Blush Mark Perfect Timing Burgundy Maxi Dress', 'goodsStyleIdInfo': {'sp_burgundy_#6a222a': {'styleId': 12561, 'catId': 3, 'type': 'select', 'isShow': 1, 'displayOrder': 850, 'parentId': 12141, 'key': 'sp_burgundy_#6a222a', 'name': 'SP Burgundy #6a222a', 'colorId': 12562, 'color': 'SP Burgundy #6a222a', 'isDefault': 1, 'goodsStyleId': 100261}}, 'goodsStyleId': 100261, 'isStockGoods': 1, 'defaultCatName': 'Dresses', 'catName': 'Dresses', 'priceSymbol': '$', 'hasPriceRule': False, 'shopPriceWithOutBonus': '50.00', 'priceOff': 0, 'shopPriceDisplay': '$50', 'noDealPriceDisplay': '$50', 'priceOffDisplay': '$0', 'hasLinePrice': False, 'hasAfterPay': True, 'canUseAfterPay': True, 'afterPayAmount': '$12.50', 'afterPayTips': 'or 4 interest-free payments of $12.50 by', 'isComingSoon': False, 'customizable': False, 'brandInfo': {'name': 'Blush Mark', 'desc': 'Blush Mark, a collection of affordable special occasion dresses for EVERYONE! Blush Mark strives to provide customers with high-quality, affordable dresses that will make you feel beautiful at ALL of your events. This body positive collection features dresses in sizes XS to 3X that flatter, empower and bring out your inner confidence. <br>Blush Mark philosophy: ‘Look your best without breaking the bank!’ These gorgeous styles were designed with affordability in mind and have been stocked, offering our customers an amazingly low price as well as immediate gratification to wearer.'}, 'isSwatch': False, 'isSwatchBooklet': False, 'isDress': True, 'isGroomsmen': False, 'isAccessory': False, 'isTie': False, 'isFreeShipping': False, 'isSampleCat': False, 'brand': 'By Blush Mark', 'brandUrl': '/all/dresses/with/brand/blush-mark', 'fabric': '', 'imgUrl': 'https://cdn-1.azazie.com/upimg/s290/9d/36/b484e2452b80c8eb1e12b172a0229d36.jpg', 'detailUrl': '/products/blush-mark-perfect-timing-burgundy-maxi-sod-dress/100261', 'available': True, 'maxQuantity': 43, 'maxSelectQuantity': 10, 'totalPrice': 450, 'totalPriceDisplay': '$450', 'totalNoDealPrice': 450, 'totalNoDealPriceDisplay': '$450', 'totalSaved': 0, 'totalSavedDisplay': '$0', 'formatStyles': {'color': {'id': '12561', 'name': 'Dress Color', 'value': 'Burgundy'}, 'size': {'standardSize': {'id': '169885', 'name': '4', 'key': '4', 'items': [{'name': 'Bust', 'key': 'bust', 'value': 5.5, 'valueFaction': '5 ½', 'isEmpty': False, 'unit': 'inch'}, {'name': 'Waist', 'key': 'waist', 'value': 6.3, 'valueFaction': 6.3, 'isEmpty': False, 'unit': 'inch'}, {'name': 'Hips', 'key': 'hips', 'value': 7.1, 'valueFaction': 7.1, 'isEmpty': False, 'unit': 'inch'}, {'name': 'Hollow To Waist', 'key': 'hollow_to_waist', 'value': 7.9, 'valueFaction': 7.9, 'isEmpty': False, 'unit': 'inch'}]}}}, 'rushable': False, 'rushType': 'standard', 'makeInfo': {'min': '0', 'max': 6, 'minNature': 9, 'maxNature': 16, 'minDays': 9, 'maxDays': 16, 'minDaysO': 9, 'maxDaysO': 16, 'minWeeks': 2, 'maxWeeks': 3, 'useMinWeek': False, 'deltaTime': '7', 'note': 'Processing time 9 - 16 business days.', 'description': '9 - 16 business days', 'label': 'Estimated shipping in', 'displayTime': 0, 'transferTime': 9, 'minusDay': 0, 'originTransferTime': 0, 'originDeltaTime': 0, 'expeditedDeliverStr': '24  hours'}, 'editable': True, 'editType': 'all', 'extraInfo': [], 'stickers': [], 'previousName': ''}], 'invalidCheckoutGoodsList': [], 'validCheckoutGoodsList': [{'recId': 8394469, 'goodsId': 1003817, 'userId': 2824177, 'sessionId': 'FsEc2cFMfbvzcG2Jubu4ff8vw0', 'goodsSn': 'SN1571116558069', 'partySelectValue': '', 'fromSource': '', 'goodsNumber': 9, 'goodsAttr': '', 'isReal': 0, 'extensionCode': '', 'parentId': 0, 'recType': 0, 'isGift': 0, 'canHandsel': 0, 'styleId': 0, 'styles': {'size_type': '_inch', 'select': {'color': '12561', 'size': '169885', 'colorName': 'sp_burgundy_#6a222a', 'sizeName': '4'}, 'rush_type': 'standard', 'freestyle': 'true', 'other': {'important_day': '0000-00-00'}, 'styleJson': '{"size_type":"_inch","select":{"color":"12561","size":"169885"},"rush_type":"standard","freestyle":"true","other":{"important_day":"0000-00-00"}}'}, 'forCheckout': 1, 'marketPrice': '1000.00', 'wrapPrice': 0, 'goodsWeight': 0, 'sku': 0, 'catId': 3, 'dressType': 'dress', 'styleJson': '{"size_type":"_inch","select":{"color":"12561","size":"169885"},"rush_type":"standard","freestyle":"true","other":{"important_day":"0000-00-00"}}', 'isNew': 0, 'isOnSale': 1, 'shopPrice': 50, 'noDealPrice': 50, 'onSaleTime': '2019-11-28 01:42:13', 'brandId': 1, 'isDelete': 0, 'isDisplay': 1, 'isMassProduct': 1, 'isEspecialProduct': 1, 'supportStockSales': False, 'supportTryon': False, 'goodsThumb': '9d/36/b484e2452b80c8eb1e12b172a0229d36.jpg', 'imgType': 'photo', 'color': 'sp_burgundy_#6a222a', 'colorId': 12562, 'goodsName': 'Blush Mark Perfect Timing {Color} Maxi Dress', 'goodsUrlName': 'Blush Mark Perfect Timing {Color} Maxi Sod Dress', 'styleTag': '', 'hasSash': False, 'defaultColor': 'sp_burgundy_#6a222a', 'defaultColorId': 12562, 'shownColor': 'Burgundy', 'categoryUrl': '/all/dresses', 'indexUrl': '/', 'goodsUrl': '/products/blush-mark-perfect-timing-burgundy-maxi-sod-dress/100261', 'goodsDefaultUrl': '/products/blush-mark-perfect-timing-{color}-maxi-sod-dress', 'shownGoodsName': 'Blush Mark Perfect Timing Burgundy Maxi Dress', 'goodsStyleIdInfo': {'sp_burgundy_#6a222a': {'styleId': 12561, 'catId': 3, 'type': 'select', 'isShow': 1, 'displayOrder': 850, 'parentId': 12141, 'key': 'sp_burgundy_#6a222a', 'name': 'SP Burgundy #6a222a', 'colorId': 12562, 'color': 'SP Burgundy #6a222a', 'isDefault': 1, 'goodsStyleId': 100261}}, 'goodsStyleId': 100261, 'isStockGoods': 1, 'defaultCatName': 'Dresses', 'catName': 'Dresses', 'priceSymbol': '$', 'hasPriceRule': False, 'shopPriceWithOutBonus': '50.00', 'priceOff': 0, 'shopPriceDisplay': '$50', 'noDealPriceDisplay': '$50', 'priceOffDisplay': '$0', 'hasLinePrice': False, 'hasAfterPay': True, 'canUseAfterPay': True, 'afterPayAmount': '$12.50', 'afterPayTips': 'or 4 interest-free payments of $12.50 by', 'isComingSoon': False, 'customizable': False, 'brandInfo': {'name': 'Blush Mark', 'desc': 'Blush Mark, a collection of affordable special occasion dresses for EVERYONE! Blush Mark strives to provide customers with high-quality, affordable dresses that will make you feel beautiful at ALL of your events. This body positive collection features dresses in sizes XS to 3X that flatter, empower and bring out your inner confidence. <br>Blush Mark philosophy: ‘Look your best without breaking the bank!’ These gorgeous styles were designed with affordability in mind and have been stocked, offering our customers an amazingly low price as well as immediate gratification to wearer.'}, 'isSwatch': False, 'isSwatchBooklet': False, 'isDress': True, 'isGroomsmen': False, 'isAccessory': False, 'isTie': False, 'isFreeShipping': False, 'isSampleCat': False, 'brand': 'By Blush Mark', 'brandUrl': '/all/dresses/with/brand/blush-mark', 'fabric': '', 'imgUrl': 'https://cdn-1.azazie.com/upimg/s290/9d/36/b484e2452b80c8eb1e12b172a0229d36.jpg', 'detailUrl': '/products/blush-mark-perfect-timing-burgundy-maxi-sod-dress/100261', 'available': True, 'maxQuantity': 43, 'maxSelectQuantity': 10, 'totalPrice': 450, 'totalPriceDisplay': '$450', 'totalNoDealPrice': 450, 'totalNoDealPriceDisplay': '$450', 'totalSaved': 0, 'totalSavedDisplay': '$0', 'formatStyles': {'color': {'id': '12561', 'name': 'Dress Color', 'value': 'Burgundy'}, 'size': {'standardSize': {'id': '169885', 'name': '4', 'key': '4', 'items': [{'name': 'Bust', 'key': 'bust', 'value': 5.5, 'valueFaction': '5 ½', 'isEmpty': False, 'unit': 'inch'}, {'name': 'Waist', 'key': 'waist', 'value': 6.3, 'valueFaction': 6.3, 'isEmpty': False, 'unit': 'inch'}, {'name': 'Hips', 'key': 'hips', 'value': 7.1, 'valueFaction': 7.1, 'isEmpty': False, 'unit': 'inch'}, {'name': 'Hollow To Waist', 'key': 'hollow_to_waist', 'value': 7.9, 'valueFaction': 7.9, 'isEmpty': False, 'unit': 'inch'}]}}}, 'rushable': False, 'rushType': 'standard', 'makeInfo': {'min': '0', 'max': 6, 'minNature': 9, 'maxNature': 16, 'minDays': 9, 'maxDays': 16, 'minDaysO': 9, 'maxDaysO': 16, 'minWeeks': 2, 'maxWeeks': 3, 'useMinWeek': False, 'deltaTime': '7', 'note': 'Processing time 9 - 16 business days.', 'description': '9 - 16 business days', 'label': 'Estimated shipping in', 'displayTime': 0, 'transferTime': 9, 'minusDay': 0, 'originTransferTime': 0, 'originDeltaTime': 0, 'expeditedDeliverStr': '24  hours'}, 'editable': True, 'editType': 'all', 'extraInfo': [], 'stickers': [], 'previousName': ''}], 'redeemedGoodsList': [], 'invalidCheckoutGoodsRecIds': [], 'saveForLaterGoodsList': [{'recId': 8394497, 'goodsId': 1002167, 'userId': 2824177, 'sessionId': 'A9reUY00xgQriBjaA24VsYR5xY', 'goodsSn': 'SN1533017470275', 'partySelectValue': '', 'fromSource': '', 'goodsNumber': 19, 'goodsAttr': '', 'isReal': 0, 'extensionCode': '', 'parentId': 0, 'recType': 0, 'isGift': 0, 'canHandsel': 0, 'styleId': 0, 'styles': {'size_type': '_inch', 'select': {'color': '11629', 'size': '9564', 'colorName': 'diamond_white/champagne', 'sizeName': 'wd22'}, 'rush_type': 'standard', 'freestyle': 'true', 'other': {'important_day': '0000-00-00'}, 'styleJson': '{"size_type":"_inch","select":{"color":"11629","size":"9564"},"rush_type":"standard","freestyle":"true","other":{"important_day":"0000-00-00"}}'}, 'forCheckout': 0, 'marketPrice': '1000.00', 'wrapPrice': 0, 'goodsWeight': 0, 'sku': 0, 'catId': 2, 'dressType': 'dress', 'styleJson': '{"size_type":"_inch","select":{"color":"11629","size":"9564"},"rush_type":"standard","freestyle":"true","other":{"important_day":"0000-00-00"}}', 'isNew': 0, 'isOnSale': 1, 'shopPrice': 349, 'noDealPrice': 349, 'onSaleTime': '2018-09-20 08:34:23', 'brandId': 0, 'isDelete': 0, 'isDisplay': 1, 'isMassProduct': 0, 'isEspecialProduct': 0, 'supportStockSales': False, 'supportTryon': False, 'goodsThumb': '00/a4/578463849f99d558a02a7b05699e00a4.jpg', 'imgType': 'photo', 'color': 'diamond_white/champagne', 'colorId': 11633, 'goodsName': 'Azazie Sedona BG', 'goodsUrlName': 'Azazie Sedona Wedding Dress', 'styleTag': '', 'hasSash': False, 'defaultColor': 'diamond_white/champagne', 'defaultColorId': 11633, 'shownColor': 'Diamond White/Champagne', 'categoryUrl': '/all/wedding-dresses', 'indexUrl': '/', 'goodsUrl': '/products/azazie-sedona-wedding-dress?color=diamond-white/champagne', 'goodsDefaultUrl': '/products/azazie-sedona-wedding-dress', 'shownGoodsName': 'Azazie Sedona BG', 'isStockGoods': 0, 'defaultCatName': 'Wedding Dresses', 'catName': 'Wedding Dresses', 'priceSymbol': '$', 'hasPriceRule': False, 'shopPriceWithOutBonus': '349.00', 'priceOff': 0, 'shopPriceDisplay': '$349', 'noDealPriceDisplay': '$349', 'priceOffDisplay': '$0', 'hasLinePrice': False, 'hasAfterPay': True, 'canUseAfterPay': True, 'afterPayAmount': '$87.25', 'afterPayTips': 'or 4 interest-free payments of $87.25 by', 'isComingSoon': False, 'customizable': False, 'isSwatch': False, 'isSwatchBooklet': False, 'isDress': True, 'isGroomsmen': False, 'isAccessory': False, 'isTie': False, 'isFreeShipping': True, 'isSampleCat': True, 'brand': '', 'brandUrl': '', 'brandInfo': {'desc': ''}, 'fabric': '', 'imgUrl': 'https://cdn-1.azazie.com/upimg/s290/00/a4/578463849f99d558a02a7b05699e00a4.jpg', 'detailUrl': '/products/azazie-sedona-wedding-dress?color=diamond-white/champagne', 'available': True, 'totalPrice': 6631, 'totalPriceDisplay': '$6,631', 'totalNoDealPrice': 6631, 'totalNoDealPriceDisplay': '$6,631', 'totalSaved': 0, 'totalSavedDisplay': '$0', 'formatStyles': {'color': {'id': '11629', 'name': 'Dress Color', 'value': 'Diamond White/Champagne'}, 'size': {'standardSize': {'id': '9564', 'name': 'WD22', 'key': 'wd22', 'items': [{'name': 'Bust', 'key': 'bust', 'value': '50.00', 'valueFaction': 50, 'unit': 'inch'}, {'name': 'Waist', 'key': 'waist', 'value': 44.75, 'valueFaction': '44 ¾', 'unit': 'inch'}, {'name': 'Hips', 'key': 'hips', 'value': 53.5, 'valueFaction': '53 ½', 'unit': 'inch'}, {'name': 'Hollow to Floor', 'key': 'hollow_to_floor', 'value': '58.00', 'valueFaction': 58, 'unit': 'inch'}, {'name': 'Hollow to Hem', 'key': 'hollow_to_hem', 'value': '41.00', 'valueFaction': 41, 'unit': 'inch'}]}}}, 'rushable': False, 'rushType': 'standard', 'makeInfo': {'min': 20, 'max': 28, 'minNature': 50, 'maxNature': 57, 'minDays': 36, 'maxDays': 41, 'minDaysO': 50, 'maxDaysO': 57, 'minWeeks': 7, 'maxWeeks': 8, 'useMinWeek': True, 'deltaTime': '7', 'note': 'Estimated production time 7 weeks, then it is shipped.', 'description': '7 Weeks', 'label': 'Estimated production time', 'displayTime': 41, 'transferTime': 9, 'minusDay': 0, 'originTransferTime': 0, 'originDeltaTime': 0, 'expeditedDeliverStr': '24  hours'}, 'editable': True, 'editType': 'all', 'extraInfo': [], 'stickers': [], 'previousName': ''}, {'recId': 8394491, 'goodsId': 1002091, 'userId': 2824177, 'sessionId': 'IIqbaMi3QTvg5OfzNda8a95nYK', 'goodsSn': 'SN1523610931444', 'partySelectValue': '', 'fromSource': 'gift', 'goodsNumber': 19, 'goodsAttr': '{"is_gift":1}', 'isReal': 0, 'extensionCode': '', 'parentId': 0, 'recType': 0, 'isGift': True, 'canHandsel': 0, 'styleId': 0, 'styles': {'freestyle': 'false', 'select': {'color': '11646', 'colorName': 'white'}, 'size': '', 'size_type': '_inch', 'rush_type': 'standard', 'other': {'important_day': '0000-00-00'}, 'styleJson': '{"freestyle":"false","select":{"color":"11646"},"size":"","size_type":"_inch","rush_type":"standard","other":{"important_day":"0000-00-00"}}'}, 'forCheckout': 0, 'marketPrice': '2.00', 'wrapPrice': 0, 'goodsWeight': 0, 'sku': 0, 'catId': 37, 'dressType': 'dress', 'styleJson': '{"freestyle":"false","select":{"color":"11646"},"size":"","size_type":"_inch","rush_type":"standard","other":{"important_day":"0000-00-00"}}', 'isNew': 0, 'isOnSale': 1, 'shopPrice': 0, 'noDealPrice': 30, 'onSaleTime': '2018-06-14 13:02:48', 'brandId': 0, 'isDelete': 0, 'isDisplay': 1, 'isMassProduct': 0, 'isEspecialProduct': 0, 'supportStockSales': False, 'supportTryon': False, 'goodsThumb': '3a/99/3b28885b3818919fe07dec04aba33a99.jpg', 'imgType': 'sample', 'color': 'white', 'colorId': 4493, 'goodsName': 'Pannier', 'goodsUrlName': 'Azazie Free Pannier', 'styleTag': '', 'hasSash': False, 'defaultColor': 'white', 'defaultColorId': 4493, 'shownColor': 'White', 'categoryUrl': '/all/pannier', 'indexUrl': '/', 'goodsUrl': 'javascript:void(0)', 'goodsDefaultUrl': '/products/azazie-free-pannier', 'shownGoodsName': 'Pannier', 'isStockGoods': 0, 'defaultCatName': 'Pannier', 'catName': 'Pannier', 'priceSymbol': '$', 'hasPriceRule': False, 'shopPriceWithOutBonus': '0.00', 'priceOff': 570, 'shopPriceDisplay': '$0', 'noDealPriceDisplay': '$30', 'priceOffDisplay': '$570', 'hasLinePrice': True, 'hasAfterPay': True, 'canUseAfterPay': True, 'afterPayAmount': '$0', 'afterPayTips': 'or 4 interest-free payments of $0 by', 'isComingSoon': False, 'customizable': False, 'isSwatch': False, 'isSwatchBooklet': False, 'isDress': False, 'isGroomsmen': False, 'isAccessory': True, 'isTie': False, 'isFreeShipping': True, 'isSampleCat': False, 'brand': '', 'brandUrl': '', 'brandInfo': {'desc': ''}, 'fabric': '', 'imgUrl': 'https://cdn-1.azazie.com/upimg/s290/3a/99/3b28885b3818919fe07dec04aba33a99.jpg', 'detailUrl': 'javascript:void(0)', 'available': True, 'totalPrice': 0, 'totalPriceDisplay': '$0', 'totalNoDealPrice': 570, 'totalNoDealPriceDisplay': '$570', 'totalSaved': 570, 'totalSavedDisplay': '$570', 'formatStyles': {'color': {'id': '11646', 'name': 'Color', 'value': 'White'}}, 'rushable': False, 'rushType': 'standard', 'makeInfo': {'min': '0', 'max': 1, 'minNature': 1, 'maxNature': 3, 'minDays': 1, 'maxDays': 3, 'minDaysO': 1, 'maxDaysO': 3, 'minWeeks': 0, 'maxWeeks': 1, 'useMinWeek': False, 'deltaTime': '2', 'note': 'Estimated production time 1 days, then it is shipped.', 'description': '1 - 3 business days', 'label': 'Estimated shipping in', 'displayTime': '1', 'transferTime': 0, 'minusDay': 0, 'originTransferTime': 0, 'originDeltaTime': 0, 'expeditedDeliverStr': '24  hours'}, 'editable': False, 'editType': 'none', 'suffix': '(Free Gift)', 'extraInfo': [], 'stickers': [], 'previousName': ''}, {'recId': 8394492, 'goodsId': 1001154, 'userId': 2824177, 'sessionId': 'IIqbaMi3QTvg5OfzNda8a95nYK', 'goodsSn': 'SN1454032673793', 'partySelectValue': '', 'fromSource': 'gift', 'goodsNumber': 19, 'goodsAttr': '{"is_gift":1}', 'isReal': 0, 'extensionCode': '', 'parentId': 0, 'recType': 0, 'isGift': True, 'canHandsel': 0, 'styleId': 0, 'styles': {'freestyle': 'false', 'select': [], 'size': '', 'size_type': '_inch', 'rush_type': 'standard', 'batch_type': '', 'other': {'important_day': '0000-00-00'}, 'styleJson': '{"freestyle":"false","select":[],"size":"","size_type":"_inch","rush_type":"standard","batch_type":"","other":{"important_day":"0000-00-00"}}'}, 'forCheckout': 0, 'marketPrice': '10.00', 'wrapPrice': 0, 'goodsWeight': 0, 'sku': 0, 'catId': 1508, 'dressType': 'dress', 'styleJson': '{"freestyle":"false","select":[],"size":"","size_type":"_inch","rush_type":"standard","batch_type":"","other":{"important_day":"0000-00-00"}}', 'isNew': 0, 'isOnSale': 1, 'shopPrice': 0, 'noDealPrice': 9, 'onSaleTime': '2020-09-29 21:21:40', 'brandId': 0, 'isDelete': 0, 'isDisplay': 1, 'isMassProduct': 0, 'isEspecialProduct': 0, 'supportStockSales': False, 'supportTryon': False, 'goodsThumb': '2d/a5/98f7b179e24a4fb899219f7ec7462da5.jpg', 'imgType': 'sample', 'color': '', 'colorId': 0, 'goodsName': 'Azazie Wedding Garment Bag', 'goodsUrlName': 'Azazie Wedding Garment Bag', 'styleTag': '', 'hasSash': False, 'defaultColor': '', 'defaultColorId': 0, 'shownColor': '', 'categoryUrl': '/all/garment-bags', 'indexUrl': '/', 'goodsUrl': '/products/azazie-wedding-garment-bag', 'goodsDefaultUrl': '/products/azazie-wedding-garment-bag', 'shownGoodsName': 'Azazie Wedding Garment Bag', 'isStockGoods': 0, 'defaultCatName': 'Garment Bags', 'catName': 'Garment Bags', 'priceSymbol': '$', 'hasPriceRule': False, 'shopPriceWithOutBonus': '0.00', 'priceOff': 171, 'shopPriceDisplay': '$0', 'noDealPriceDisplay': '$9', 'priceOffDisplay': '$171', 'hasLinePrice': True, 'hasAfterPay': True, 'canUseAfterPay': True, 'afterPayAmount': '$0', 'afterPayTips': 'or 4 interest-free payments of $0 by', 'isComingSoon': False, 'customizable': False, 'isSwatch': False, 'isSwatchBooklet': False, 'isDress': False, 'isGroomsmen': False, 'isAccessory': True, 'isTie': False, 'isFreeShipping': False, 'isSampleCat': False, 'brand': '', 'brandUrl': '', 'brandInfo': {'desc': ''}, 'fabric': '', 'imgUrl': 'https://cdn-1.azazie.com/upimg/s290/2d/a5/98f7b179e24a4fb899219f7ec7462da5.jpg', 'detailUrl': '/products/azazie-wedding-garment-bag', 'available': True, 'totalPrice': 0, 'totalPriceDisplay': '$0', 'totalNoDealPrice': 171, 'totalNoDealPriceDisplay': '$171', 'totalSaved': 171, 'totalSavedDisplay': '$171', 'formatStyles': [], 'rushable': False, 'rushType': 'standard', 'makeInfo': {'min': '0', 'max': 4, 'minNature': 4, 'maxNature': 6, 'minDays': 2, 'maxDays': 4, 'minDaysO': 4, 'maxDaysO': 6, 'minWeeks': 1, 'maxWeeks': 1, 'useMinWeek': False, 'deltaTime': '2', 'note': 'Estimated production time 4 days, then it is shipped.', 'description': '2 - 4 business days', 'label': 'Estimated shipping in', 'displayTime': '2', 'transferTime': 2, 'minusDay': 0, 'originTransferTime': 0, 'originDeltaTime': 0, 'expeditedDeliverStr': '24  hours'}, 'editable': False, 'editType': 'none', 'suffix': '(Free Gift)', 'extraInfo': [], 'stickers': [], 'previousName': ''}], 'awardInfo': [], 'statusToCheck': [], 'goodsIsSplitOrder': False, 'couponInfo': None, 'redeemedStatus': {'status': {'isEnabled': False, 'goodsNumLimit': None, 'gap': '$0', 'throttle': None, 'canExchange': False}, 'goodsList': []}, 'activityInfo': [], 'seoInfo': {'title': 'Shopping cart', 'keywords': 'shopping cart', 'description': 'shopping cart'}, 'dataLayerInfo': {'trackId': '', 'platform': 'PC', 'lang': 'en', 'currency': 'USD', 'site_type': 'd', 'pinterest_tag_type': 'complicated', 'gaTransactionFlag': False, 'trackCode': 'cart', 'pageCode': 'cart', 'userType': 'Member', 'remarking_google_custom_params': {'ecomm_prodid': ['AZcUSleng1003817'], 'ecomm_totalvalue': 479.95, 'ecomm_pagetype': 'cart'}, 'productsInfo': [{'id': 1003817, 'price': 50, 'quantity': 9}], 'pinterest_tag_event_detail': {'line_items': [{'product_id': 'AZcUSleng1003817c12562', 'product_price': 50, 'product_name': 'Blush Mark Perfect Timing Burgundy Maxi Dress', 'product_category': 'Dresses', 'product_quantity': 9}], 'value': 479.95, 'order_quantity': 9, 'currency': 'USD'}, 'pinterest_tag_event_name': 'addtocart', 'remarking_google_order_type': ''}}}
2021-11-04 22:33:29,131:SY_log:test03_remove_cart:Test01_cart.py:70:INFO:*********   执行用例删除购物车  *********
2021-11-04 22:33:29,132:SY_log:send_request:handle_request.py:9:INFO:发起一次HTTP请求
2021-11-04 22:33:29,132:SY_log:send_request:handle_request.py:23:INFO:请求头为：{'Content-Type': 'application/json', 'Accept': 'application/json', 'x-app': 'pc', 'x-token': 'eyJ0eXAiOiJKV1QiLCJhbGciOiJIUzI1NiJ9.eyJpc3MiOiJhemF6aWUiLCJhdWQiOiJ1c2VycyIsImlhdCI6MTYzNjAzNjQwNSwiZXhwIjoxNjM2NjQxMjA1LCJ1c2VyX2lkIjoyODI0MTc3fQ.nCz2VUutjbndXi_S42dDsl4wgcJWyGdcSoUX-7j3Jcw', 'x-project': 'azazie', 'x-countryCode': 'US'}
2021-11-04 22:33:29,132:SY_log:send_request:handle_request.py:24:INFO:请求方法为：DELETE
2021-11-04 22:33:29,132:SY_log:send_request:handle_request.py:25:INFO:请求url为：https://api-t-7.azazie.com/1.0/cart/goods/8394593
2021-11-04 22:33:29,132:SY_log:send_request:handle_request.py:26:INFO:请求数据为：{'is_real_delete': 'false'}
2021-11-04 22:33:30,011:SY_log:send_request:handle_request.py:44:INFO:响应状态码为：200
2021-11-04 22:33:30,011:SY_log:send_request:handle_request.py:45:INFO:响应数据为：{'code': 0, 'error': '', 'msg': 'success', 'data': {}}
2021-11-04 22:33:30,011:SY_log:setUpClass:test01_login.py:22:INFO:======  登录模块用例 开始执行  ========
2021-11-04 22:33:30,012:SY_log:test01_login_success:test01_login.py:43:INFO:*********   执行用例1：登录成功   *********
2021-11-04 22:33:30,012:SY_log:send_request:handle_request.py:9:INFO:发起一次HTTP请求
2021-11-04 22:33:30,012:SY_log:send_request:handle_request.py:23:INFO:请求头为：{'Content-Type': 'application/json', 'Accept': 'application/json', 'x-app': 'pc', 'x-token': '', 'x-project': 'azazie', 'x-countryCode': 'US'}
2021-11-04 22:33:30,012:SY_log:send_request:handle_request.py:24:INFO:请求方法为：POST
2021-11-04 22:33:30,012:SY_log:send_request:handle_request.py:25:INFO:请求url为：https://api-t-7.azazie.com/1.0/user/login
2021-11-04 22:33:30,012:SY_log:send_request:handle_request.py:26:INFO:请求数据为：{'email': 'ys@tetx.com', 'password': '123456'}
2021-11-04 22:33:30,844:SY_log:send_request:handle_request.py:38:INFO:响应状态码为：200
2021-11-04 22:33:30,844:SY_log:send_request:handle_request.py:39:INFO:响应数据为：{'code': 0, 'error': '', 'msg': 'success', 'data': {'token': 'eyJ0eXAiOiJKV1QiLCJhbGciOiJIUzI1NiJ9.eyJpc3MiOiJhemF6aWUiLCJhdWQiOiJ1c2VycyIsImlhdCI6MTYzNjAzNjQxMCwiZXhwIjoxNjM2NjQxMjEwLCJ1c2VyX2lkIjoyODI0MTc3fQ.wM_fWHvHEJ-6DmxPMWFx2zLjlLERXiL4WvSvr6Ct0Ho', 'user_id': 2824177, 'email': 'ys@tetx.com', 'name': 'ys', 'cartNumChanged': False, 'isPreviewUser': False}}
2021-11-04 22:33:30,844:SY_log:test01_login_success:test01_login.py:43:INFO:*********   执行用例2：密码错误   *********
2021-11-04 22:33:30,844:SY_log:send_request:handle_request.py:9:INFO:发起一次HTTP请求
2021-11-04 22:33:30,844:SY_log:send_request:handle_request.py:23:INFO:请求头为：{'Content-Type': 'application/json', 'Accept': 'application/json', 'x-app': 'pc', 'x-token': '', 'x-project': 'azazie', 'x-countryCode': 'US'}
2021-11-04 22:33:30,844:SY_log:send_request:handle_request.py:24:INFO:请求方法为：POST
2021-11-04 22:33:30,844:SY_log:send_request:handle_request.py:25:INFO:请求url为：https://api-t-7.azazie.com/1.0/user/login
2021-11-04 22:33:30,844:SY_log:send_request:handle_request.py:26:INFO:请求数据为：{'email': 'ys@tetx.com', 'password': '1234567'}
2021-11-04 22:33:31,645:SY_log:send_request:handle_request.py:38:INFO:响应状态码为：200
2021-11-04 22:33:31,645:SY_log:send_request:handle_request.py:39:INFO:响应数据为：{'code': 100301, 'error': 'error', 'msg': 'The email address or password you entered is incorrect.', 'data': {}}
2021-11-04 22:33:31,645:SY_log:test01_login_success:test01_login.py:43:INFO:*********   执行用例3：为空密码   *********
2021-11-04 22:33:31,645:SY_log:send_request:handle_request.py:9:INFO:发起一次HTTP请求
2021-11-04 22:33:31,645:SY_log:send_request:handle_request.py:23:INFO:请求头为：{'Content-Type': 'application/json', 'Accept': 'application/json', 'x-app': 'pc', 'x-token': '', 'x-project': 'azazie', 'x-countryCode': 'US'}
2021-11-04 22:33:31,645:SY_log:send_request:handle_request.py:24:INFO:请求方法为：POST
2021-11-04 22:33:31,645:SY_log:send_request:handle_request.py:25:INFO:请求url为：https://api-t-7.azazie.com/1.0/user/login
2021-11-04 22:33:31,646:SY_log:send_request:handle_request.py:26:INFO:请求数据为：{'email': 'ys@tetx.com', 'password': ''}
2021-11-04 22:33:32,445:SY_log:send_request:handle_request.py:38:INFO:响应状态码为：200
2021-11-04 22:33:32,445:SY_log:send_request:handle_request.py:39:INFO:响应数据为：{'code': 100300, 'error': 'error', 'msg': 'Password Empty!', 'data': {}}
2021-11-04 22:33:32,445:SY_log:test01_login_success:test01_login.py:43:INFO:*********   执行用例4：为空用户名   *********
2021-11-04 22:33:32,445:SY_log:send_request:handle_request.py:9:INFO:发起一次HTTP请求
2021-11-04 22:33:32,445:SY_log:send_request:handle_request.py:23:INFO:请求头为：{'Content-Type': 'application/json', 'Accept': 'application/json', 'x-app': 'pc', 'x-token': '', 'x-project': 'azazie', 'x-countryCode': 'US'}
2021-11-04 22:33:32,445:SY_log:send_request:handle_request.py:24:INFO:请求方法为：POST
2021-11-04 22:33:32,445:SY_log:send_request:handle_request.py:25:INFO:请求url为：https://api-t-7.azazie.com/1.0/user/login
2021-11-04 22:33:32,445:SY_log:send_request:handle_request.py:26:INFO:请求数据为：{'email': '', 'password': '123456'}
2021-11-04 22:33:33,383:SY_log:send_request:handle_request.py:38:INFO:响应状态码为：200
2021-11-04 22:33:33,383:SY_log:send_request:handle_request.py:39:INFO:响应数据为：{'code': 100200, 'error': 'error', 'msg': 'Email Empty!', 'data': {}}
2021-11-04 22:33:33,384:SY_log:test01_login_success:test01_login.py:43:INFO:*********   执行用例5：账号和密码全部为空   *********
2021-11-04 22:33:33,384:SY_log:send_request:handle_request.py:9:INFO:发起一次HTTP请求
2021-11-04 22:33:33,384:SY_log:send_request:handle_request.py:23:INFO:请求头为：{'Content-Type': 'application/json', 'Accept': 'application/json', 'x-app': 'pc', 'x-token': '', 'x-project': 'azazie', 'x-countryCode': 'US'}
2021-11-04 22:33:33,384:SY_log:send_request:handle_request.py:24:INFO:请求方法为：POST
2021-11-04 22:33:33,384:SY_log:send_request:handle_request.py:25:INFO:请求url为：https://api-t-7.azazie.com/1.0/user/login
2021-11-04 22:33:33,384:SY_log:send_request:handle_request.py:26:INFO:请求数据为：{'email': '', 'password': ''}
2021-11-04 22:33:34,189:SY_log:send_request:handle_request.py:38:INFO:响应状态码为：200
2021-11-04 22:33:34,190:SY_log:send_request:handle_request.py:39:INFO:响应数据为：{'code': 100200, 'error': 'error', 'msg': 'Email Empty!', 'data': {}}
2021-11-04 22:33:34,190:SY_log:test01_login_success:test01_login.py:43:INFO:*********   执行用例7：错误的邮箱格式   *********
2021-11-04 22:33:34,190:SY_log:send_request:handle_request.py:9:INFO:发起一次HTTP请求
2021-11-04 22:33:34,190:SY_log:send_request:handle_request.py:23:INFO:请求头为：{'Content-Type': 'application/json', 'Accept': 'application/json', 'x-app': 'pc', 'x-token': '', 'x-project': 'azazie', 'x-countryCode': 'US'}
2021-11-04 22:33:34,190:SY_log:send_request:handle_request.py:24:INFO:请求方法为：POST
2021-11-04 22:33:34,190:SY_log:send_request:handle_request.py:25:INFO:请求url为：https://api-t-7.azazie.com/1.0/user/login
2021-11-04 22:33:34,190:SY_log:send_request:handle_request.py:26:INFO:请求数据为：{'email': 'ystetx.com', 'password': '123456'}
2021-11-04 22:33:35,088:SY_log:send_request:handle_request.py:38:INFO:响应状态码为：200
2021-11-04 22:33:35,088:SY_log:send_request:handle_request.py:39:INFO:响应数据为：{'code': 100201, 'error': 'error', 'msg': 'Email Illegal!', 'data': {}}
2021-11-04 22:33:35,088:SY_log:tearDownClass:test01_login.py:26:INFO:======  登录模块用例 执行结束  ========
2021-11-04 22:33:35,088:SY_log:setUpClass:test_recharge.py:26:INFO:======  充值模块用例 开始执行  ========
2021-11-04 22:33:35,147:SY_log:test_recharges:test_recharge.py:44:DEBUG:当前数据库余额：7001.99
2021-11-04 22:33:49,393:SY_log:tearDownClass:test_recharge.py:34:INFO:======  充值模块用例 执行结束  ========
2021-11-04 22:33:49,393:SY_log:setUpClass:test_register.py:23:INFO:======  注册模块用例 开始执行  ========
2021-11-04 22:33:49,393:SY_log:test_register:test_register.py:35:INFO:*********   执行用例1：注册成功   *********
2021-11-04 22:33:49,393:SY_log:send_request:handle_request.py:9:INFO:发起一次HTTP请求
2021-11-04 22:33:49,394:SY_log:send_request:handle_request.py:23:INFO:请求头为：{'Content-Type': 'application/json', 'Accept': 'application/json', 'x-app': 'pc', 'x-token': '', 'x-project': 'azazie', 'x-countryCode': 'US'}
2021-11-04 22:33:49,394:SY_log:send_request:handle_request.py:24:INFO:请求方法为：POST
2021-11-04 22:33:49,394:SY_log:send_request:handle_request.py:25:INFO:请求url为：https://api-t-7.azazie.com/1.0/user/register
2021-11-04 22:33:49,394:SY_log:send_request:handle_request.py:26:INFO:请求数据为：{'email': 'aynrbsie@tetx.com', 'password': '123456'}
2021-11-04 22:33:50,469:SY_log:send_request:handle_request.py:38:INFO:响应状态码为：200
2021-11-04 22:33:50,469:SY_log:send_request:handle_request.py:39:INFO:响应数据为：{'code': 0, 'error': '', 'msg': 'success', 'data': {'token': 'eyJ0eXAiOiJKV1QiLCJhbGciOiJIUzI1NiJ9.eyJpc3MiOiJhemF6aWUiLCJhdWQiOiJ1c2VycyIsImlhdCI6MTYzNjAzNjQzMCwiZXhwIjoxNjM2NjQxMjMwLCJ1c2VyX2lkIjoyODI1NjQzfQ.QJZA6e2KGOqL_VOuE23afvHE88wpSWsSO-UiGPD0y18', 'user_id': 2825643, 'email': 'aynrbsie@tetx.com', 'name': 'aynrbsie', 'cartNumChanged': False, 'isPreviewUser': False}}
2021-11-04 22:33:50,470:SY_log:test_register:test_register.py:50:DEBUG:需要校验数据库
2021-11-04 22:33:50,470:SY_log:test_register:test_register.py:35:INFO:*********   执行用例2：email为空   *********
2021-11-04 22:33:50,470:SY_log:send_request:handle_request.py:9:INFO:发起一次HTTP请求
2021-11-04 22:33:50,470:SY_log:send_request:handle_request.py:23:INFO:请求头为：{'Content-Type': 'application/json', 'Accept': 'application/json', 'x-app': 'pc', 'x-token': '', 'x-project': 'azazie', 'x-countryCode': 'US'}
2021-11-04 22:33:50,470:SY_log:send_request:handle_request.py:24:INFO:请求方法为：POST
2021-11-04 22:33:50,470:SY_log:send_request:handle_request.py:25:INFO:请求url为：https://api-t-7.azazie.com/1.0/user/register
2021-11-04 22:33:50,470:SY_log:send_request:handle_request.py:26:INFO:请求数据为：{'email': '', 'password': '123456'}
2021-11-04 22:33:51,271:SY_log:send_request:handle_request.py:38:INFO:响应状态码为：200
2021-11-04 22:33:51,272:SY_log:send_request:handle_request.py:39:INFO:响应数据为：{'code': 100200, 'error': 'error', 'msg': 'Email Empty!', 'data': {}}
2021-11-04 22:33:51,272:SY_log:test_register:test_register.py:35:INFO:*********   执行用例3：password为空   *********
2021-11-04 22:33:51,272:SY_log:send_request:handle_request.py:9:INFO:发起一次HTTP请求
2021-11-04 22:33:51,272:SY_log:send_request:handle_request.py:23:INFO:请求头为：{'Content-Type': 'application/json', 'Accept': 'application/json', 'x-app': 'pc', 'x-token': '', 'x-project': 'azazie', 'x-countryCode': 'US'}
2021-11-04 22:33:51,272:SY_log:send_request:handle_request.py:24:INFO:请求方法为：POST
2021-11-04 22:33:51,272:SY_log:send_request:handle_request.py:25:INFO:请求url为：https://api-t-7.azazie.com/1.0/user/register
2021-11-04 22:33:51,272:SY_log:send_request:handle_request.py:26:INFO:请求数据为：{'email': 'outotest@tetx.com', 'password': ''}
2021-11-04 22:33:52,058:SY_log:send_request:handle_request.py:38:INFO:响应状态码为：200
2021-11-04 22:33:52,058:SY_log:send_request:handle_request.py:39:INFO:响应数据为：{'code': 100300, 'error': 'error', 'msg': 'Password Empty!', 'data': {}}
2021-11-04 22:33:52,058:SY_log:test_register:test_register.py:35:INFO:*********   执行用例4：全部为空   *********
2021-11-04 22:33:52,058:SY_log:send_request:handle_request.py:9:INFO:发起一次HTTP请求
2021-11-04 22:33:52,058:SY_log:send_request:handle_request.py:23:INFO:请求头为：{'Content-Type': 'application/json', 'Accept': 'application/json', 'x-app': 'pc', 'x-token': '', 'x-project': 'azazie', 'x-countryCode': 'US'}
2021-11-04 22:33:52,058:SY_log:send_request:handle_request.py:24:INFO:请求方法为：POST
2021-11-04 22:33:52,058:SY_log:send_request:handle_request.py:25:INFO:请求url为：https://api-t-7.azazie.com/1.0/user/register
2021-11-04 22:33:52,058:SY_log:send_request:handle_request.py:26:INFO:请求数据为：{'email': '', 'password': ''}
2021-11-04 22:33:52,853:SY_log:send_request:handle_request.py:38:INFO:响应状态码为：200
2021-11-04 22:33:52,853:SY_log:send_request:handle_request.py:39:INFO:响应数据为：{'code': 100200, 'error': 'error', 'msg': 'Email Empty!', 'data': {}}
2021-11-04 22:33:52,853:SY_log:test_register:test_register.py:35:INFO:*********   执行用例5：非法email   *********
2021-11-04 22:33:52,854:SY_log:send_request:handle_request.py:9:INFO:发起一次HTTP请求
2021-11-04 22:33:52,854:SY_log:send_request:handle_request.py:23:INFO:请求头为：{'Content-Type': 'application/json', 'Accept': 'application/json', 'x-app': 'pc', 'x-token': '', 'x-project': 'azazie', 'x-countryCode': 'US'}
2021-11-04 22:33:52,854:SY_log:send_request:handle_request.py:24:INFO:请求方法为：POST
2021-11-04 22:33:52,854:SY_log:send_request:handle_request.py:25:INFO:请求url为：https://api-t-7.azazie.com/1.0/user/register
2021-11-04 22:33:52,854:SY_log:send_request:handle_request.py:26:INFO:请求数据为：{'email': 'outotest', 'password': '123456'}
2021-11-04 22:33:53,652:SY_log:send_request:handle_request.py:38:INFO:响应状态码为：200
2021-11-04 22:33:53,652:SY_log:send_request:handle_request.py:39:INFO:响应数据为：{'code': 100201, 'error': 'error', 'msg': 'Email Illegal!', 'data': {}}
2021-11-04 22:33:53,652:SY_log:test_register:test_register.py:35:INFO:*********   执行用例6：已存在的用户名   *********
2021-11-04 22:33:53,652:SY_log:send_request:handle_request.py:9:INFO:发起一次HTTP请求
2021-11-04 22:33:53,652:SY_log:send_request:handle_request.py:23:INFO:请求头为：{'Content-Type': 'application/json', 'Accept': 'application/json', 'x-app': 'pc', 'x-token': '', 'x-project': 'azazie', 'x-countryCode': 'US'}
2021-11-04 22:33:53,652:SY_log:send_request:handle_request.py:24:INFO:请求方法为：POST
2021-11-04 22:33:53,652:SY_log:send_request:handle_request.py:25:INFO:请求url为：https://api-t-7.azazie.com/1.0/user/register
2021-11-04 22:33:53,653:SY_log:send_request:handle_request.py:26:INFO:请求数据为：{'email': 'shiyong@tetx.com', 'password': '123456'}
2021-11-04 22:33:54,406:SY_log:send_request:handle_request.py:38:INFO:响应状态码为：200
2021-11-04 22:33:54,406:SY_log:send_request:handle_request.py:39:INFO:响应数据为：{'code': 100600, 'error': 'error', 'msg': 'Your email already exists.', 'data': {}}
2021-11-04 22:33:54,406:SY_log:test_register:test_register.py:35:INFO:*********   执行用例7：纯数字   *********
2021-11-04 22:33:54,407:SY_log:send_request:handle_request.py:9:INFO:发起一次HTTP请求
2021-11-04 22:33:54,407:SY_log:send_request:handle_request.py:23:INFO:请求头为：{'Content-Type': 'application/json', 'Accept': 'application/json', 'x-app': 'pc', 'x-token': '', 'x-project': 'azazie', 'x-countryCode': 'US'}
2021-11-04 22:33:54,407:SY_log:send_request:handle_request.py:24:INFO:请求方法为：POST
2021-11-04 22:33:54,407:SY_log:send_request:handle_request.py:25:INFO:请求url为：https://api-t-7.azazie.com/1.0/user/register
2021-11-04 22:33:54,407:SY_log:send_request:handle_request.py:26:INFO:请求数据为：{'email': '12155445114', 'password': ''}
2021-11-04 22:33:54,920:SY_log:send_request:handle_request.py:38:INFO:响应状态码为：200
2021-11-04 22:33:54,920:SY_log:send_request:handle_request.py:39:INFO:响应数据为：{'code': 100201, 'error': 'error', 'msg': 'Email Illegal!', 'data': {}}
2021-11-04 22:33:54,920:SY_log:test_register:test_register.py:35:INFO:*********   执行用例8：email特殊符号   *********
2021-11-04 22:33:54,920:SY_log:send_request:handle_request.py:9:INFO:发起一次HTTP请求
2021-11-04 22:33:54,920:SY_log:send_request:handle_request.py:23:INFO:请求头为：{'Content-Type': 'application/json', 'Accept': 'application/json', 'x-app': 'pc', 'x-token': '', 'x-project': 'azazie', 'x-countryCode': 'US'}
2021-11-04 22:33:54,920:SY_log:send_request:handle_request.py:24:INFO:请求方法为：POST
2021-11-04 22:33:54,921:SY_log:send_request:handle_request.py:25:INFO:请求url为：https://api-t-7.azazie.com/1.0/user/register
2021-11-04 22:33:54,921:SY_log:send_request:handle_request.py:26:INFO:请求数据为：{'email': 'ddd@tetx.com~?', 'password': ''}
2021-11-04 22:33:55,717:SY_log:send_request:handle_request.py:38:INFO:响应状态码为：200
2021-11-04 22:33:55,717:SY_log:send_request:handle_request.py:39:INFO:响应数据为：{'code': 100201, 'error': 'error', 'msg': 'Email Illegal!', 'data': {}}
2021-11-04 22:33:55,717:SY_log:tearDownClass:test_register.py:27:INFO:====== 注册模块用例 执行结束  ========
2021-11-04 22:33:55,718:SY_log:setUpClass:test_yewuliu.py:23:INFO:======  加车用例 开始执行  ========
2021-11-04 22:33:55,718:SY_log:test_ywl:test_yewuliu.py:36:INFO:测试点:注册
2021-11-04 22:33:55,718:SY_log:send_request:handle_request.py:9:INFO:发起一次HTTP请求
2021-11-04 22:33:55,718:SY_log:send_request:handle_request.py:23:INFO:请求头为：{'Content-Type': 'application/json', 'Accept': 'application/json', 'x-app': 'pc', 'x-token': '', 'x-project': 'azazie', 'x-countryCode': 'US'}
2021-11-04 22:33:55,718:SY_log:send_request:handle_request.py:24:INFO:请求方法为：POST
2021-11-04 22:33:55,718:SY_log:send_request:handle_request.py:25:INFO:请求url为：https://api-t-7.azazie.com/1.0/user/register
2021-11-04 22:33:55,718:SY_log:send_request:handle_request.py:26:INFO:请求数据为：{'email': 'yuobeast@tetx.com', 'password': '123456'}
2021-11-04 22:33:56,724:SY_log:send_request:handle_request.py:38:INFO:响应状态码为：200
2021-11-04 22:33:56,724:SY_log:send_request:handle_request.py:39:INFO:响应数据为：{'code': 0, 'error': '', 'msg': 'success', 'data': {'token': 'eyJ0eXAiOiJKV1QiLCJhbGciOiJIUzI1NiJ9.eyJpc3MiOiJhemF6aWUiLCJhdWQiOiJ1c2VycyIsImlhdCI6MTYzNjAzNjQzNiwiZXhwIjoxNjM2NjQxMjM2LCJ1c2VyX2lkIjoyODI1NjQ0fQ.49ZSgVDgLSwfWSKdAAsWzjfcEnwhxPFGN70PCBcIyTA', 'user_id': 2825644, 'email': 'yuobeast@tetx.com', 'name': 'yuobeast', 'cartNumChanged': False, 'isPreviewUser': False}}
2021-11-04 22:33:56,724:SY_log:test_ywl:test_yewuliu.py:36:INFO:测试点:登录
2021-11-04 22:33:56,724:SY_log:send_request:handle_request.py:9:INFO:发起一次HTTP请求
2021-11-04 22:33:56,724:SY_log:send_request:handle_request.py:23:INFO:请求头为：{'Content-Type': 'application/json', 'Accept': 'application/json', 'x-app': 'pc', 'x-token': '', 'x-project': 'azazie', 'x-countryCode': 'US'}
2021-11-04 22:33:56,724:SY_log:send_request:handle_request.py:24:INFO:请求方法为：POST
2021-11-04 22:33:56,724:SY_log:send_request:handle_request.py:25:INFO:请求url为：https://api-t-7.azazie.com/1.0/user/login
2021-11-04 22:33:56,724:SY_log:send_request:handle_request.py:26:INFO:请求数据为：{'email': 'yuobeast@tetx.com', 'password': '123456'}
2021-11-04 22:33:57,478:SY_log:send_request:handle_request.py:38:INFO:响应状态码为：200
2021-11-04 22:33:57,478:SY_log:send_request:handle_request.py:39:INFO:响应数据为：{'code': 0, 'error': '', 'msg': 'success', 'data': {'token': 'eyJ0eXAiOiJKV1QiLCJhbGciOiJIUzI1NiJ9.eyJpc3MiOiJhemF6aWUiLCJhdWQiOiJ1c2VycyIsImlhdCI6MTYzNjAzNjQzNywiZXhwIjoxNjM2NjQxMjM3LCJ1c2VyX2lkIjoyODI1NjQ0fQ.lm81jG5y0_DO7d7dgPwPN35yHnPBB2l_y44Ry5NThkk', 'user_id': 2825644, 'email': 'yuobeast@tetx.com', 'name': 'yuobeast', 'cartNumChanged': False, 'isPreviewUser': False}}
2021-11-04 22:33:57,478:SY_log:test_ywl:test_yewuliu.py:36:INFO:测试点:加车
2021-11-04 22:33:57,479:SY_log:send_request:handle_request.py:9:INFO:发起一次HTTP请求
2021-11-04 22:33:57,479:SY_log:send_request:handle_request.py:23:INFO:请求头为：{'Content-Type': 'application/json', 'Accept': 'application/json', 'x-app': 'pc', 'x-token': 'eyJ0eXAiOiJKV1QiLCJhbGciOiJIUzI1NiJ9.eyJpc3MiOiJhemF6aWUiLCJhdWQiOiJ1c2VycyIsImlhdCI6MTYzNjAzNjQzNywiZXhwIjoxNjM2NjQxMjM3LCJ1c2VyX2lkIjoyODI1NjQ0fQ.lm81jG5y0_DO7d7dgPwPN35yHnPBB2l_y44Ry5NThkk', 'x-project': 'azazie', 'x-countryCode': 'US'}
2021-11-04 22:33:57,479:SY_log:send_request:handle_request.py:24:INFO:请求方法为：POST
2021-11-04 22:33:57,479:SY_log:send_request:handle_request.py:25:INFO:请求url为：https://api-t-7.azazie.com/1.0/cart/goods
2021-11-04 22:33:57,479:SY_log:send_request:handle_request.py:26:INFO:请求数据为：{'act': 'addGoodsToCart', 'goods_id': 1002167, 'dress_type': 'dress', 'from_showroom': '', 'from_whatAreU': '', 'recommend_flag': '', 'from_details_entry': '', 'from_instagram': '', 'styles': {'freeStyle': False, 'size_type': '_inch', 'select': {'color': 11629, 'size': 6765}}, 'goods_number': 1}
2021-11-04 22:33:58,518:SY_log:send_request:handle_request.py:38:INFO:响应状态码为：200
2021-11-04 22:33:58,518:SY_log:send_request:handle_request.py:39:INFO:响应数据为：{'code': 0, 'error': '', 'msg': 'success', 'data': {'rec_id': 8394596}}
2021-11-04 22:33:58,518:SY_log:test_ywl:test_yewuliu.py:36:INFO:测试点:购物车列表
2021-11-04 22:33:58,519:SY_log:send_request:handle_request.py:9:INFO:发起一次HTTP请求
2021-11-04 22:33:58,519:SY_log:send_request:handle_request.py:23:INFO:请求头为：{'Content-Type': 'application/json', 'Accept': 'application/json', 'x-app': 'pc', 'x-token': 'eyJ0eXAiOiJKV1QiLCJhbGciOiJIUzI1NiJ9.eyJpc3MiOiJhemF6aWUiLCJhdWQiOiJ1c2VycyIsImlhdCI6MTYzNjAzNjQzNywiZXhwIjoxNjM2NjQxMjM3LCJ1c2VyX2lkIjoyODI1NjQ0fQ.lm81jG5y0_DO7d7dgPwPN35yHnPBB2l_y44Ry5NThkk', 'x-project': 'azazie', 'x-countryCode': 'US'}
2021-11-04 22:33:58,519:SY_log:send_request:handle_request.py:24:INFO:请求方法为：GET
2021-11-04 22:33:58,519:SY_log:send_request:handle_request.py:25:INFO:请求url为：https://api-t-7.azazie.com/1.0/cart
2021-11-04 22:33:58,519:SY_log:send_request:handle_request.py:26:INFO:请求数据为：None
2021-11-04 22:33:59,687:SY_log:send_request:handle_request.py:32:INFO:响应状态码为：200
2021-11-04 22:33:59,688:SY_log:send_request:handle_request.py:33:INFO:响应数据为：{'code': 0, 'error': '', 'msg': 'success', 'data': {'available': True, 'forCheckoutQty': 3, 'saveForLaterQty': 0, 'hasGiftGarmentBag': False, 'summary': {'shippingFee': 0, 'shippingFeeDisplay': '$0', 'oldShippingFee': 0, 'oldShippingFeeDisplay': '$0', 'savedShippingFee': 0, 'savedShippingFeeDisplay': '$0', 'goodsAmount': 349, 'goodsAmountDisplay': '$349', 'totalAmount': 349, 'totalAmountDisplay': '$349', 'currencySymbol': '$', 'hasDiffCat': True, 'displayNotIncludeNotice': True, 'couponDeductAmount': 0, 'couponDeductAmountDisplay': '-$0', 'totalNoDealGoodsAmount': 388, 'totalNoDealGoodsAmountDisplay': '$388', 'totalNoDealAmount': 388, 'totalNoDealAmountDisplay': '$388', 'activityOrderBonus': 0, 'activityOrderBonusDisplay': '$0', 'activityCouponCode': None, 'hasRush': False, 'hasUpgradeRush': False, 'isSpringRush': False, 'hasAfterPay': True, 'afterPayTips': 'or 4 interest-free payments of  $87.25 by', 'canUseAfterPay': True}, 'checkoutGoodsList': [{'recId': 8394596, 'goodsId': 1002167, 'userId': 2825644, 'sessionId': '', 'goodsSn': 'SN1533017470275', 'partySelectValue': '', 'fromSource': '', 'goodsNumber': 1, 'goodsAttr': '', 'isReal': 0, 'extensionCode': '', 'parentId': 0, 'recType': 0, 'isGift': 0, 'canHandsel': 0, 'styleId': 0, 'styles': {'size_type': '_inch', 'select': {'color': 11629, 'size': 6765, 'colorName': 'diamond_white/champagne', 'sizeName': 'wd0'}, 'rush_type': 'standard', 'freestyle': 'true', 'other': {'important_day': '0000-00-00'}, 'styleJson': '{"size_type":"_inch","select":{"color":11629,"size":6765},"rush_type":"standard","freestyle":"true","other":{"important_day":"0000-00-00"}}'}, 'forCheckout': 1, 'marketPrice': '1000.00', 'wrapPrice': 0, 'goodsWeight': 0, 'sku': 0, 'catId': 2, 'dressType': 'dress', 'styleJson': '{"size_type":"_inch","select":{"color":11629,"size":6765},"rush_type":"standard","freestyle":"true","other":{"important_day":"0000-00-00"}}', 'isNew': 0, 'isOnSale': 1, 'shopPrice': 349, 'noDealPrice': 349, 'onSaleTime': '2018-09-20 08:34:23', 'brandId': 0, 'isDelete': 0, 'isDisplay': 1, 'isMassProduct': 0, 'isEspecialProduct': 0, 'supportStockSales': False, 'supportTryon': False, 'goodsThumb': '00/a4/578463849f99d558a02a7b05699e00a4.jpg', 'imgType': 'photo', 'color': 'diamond_white/champagne', 'colorId': 11633, 'goodsName': 'Azazie Sedona BG', 'goodsUrlName': 'Azazie Sedona Wedding Dress', 'styleTag': '', 'hasSash': False, 'defaultColor': 'diamond_white/champagne', 'defaultColorId': 11633, 'shownColor': 'Diamond White/Champagne', 'categoryUrl': '/all/wedding-dresses', 'indexUrl': '/', 'goodsUrl': '/products/azazie-sedona-wedding-dress?color=diamond-white/champagne', 'goodsDefaultUrl': '/products/azazie-sedona-wedding-dress', 'shownGoodsName': 'Azazie Sedona BG', 'isStockGoods': 0, 'defaultCatName': 'Wedding Dresses', 'catName': 'Wedding Dresses', 'priceSymbol': '$', 'hasPriceRule': False, 'shopPriceWithOutBonus': '349.00', 'priceOff': 0, 'shopPriceDisplay': '$349', 'noDealPriceDisplay': '$349', 'priceOffDisplay': '$0', 'hasLinePrice': False, 'hasAfterPay': True, 'canUseAfterPay': True, 'afterPayAmount': '$87.25', 'afterPayTips': 'or 4 interest-free payments of $87.25 by', 'isComingSoon': False, 'customizable': False, 'isSwatch': False, 'isSwatchBooklet': False, 'isDress': True, 'isGroomsmen': False, 'isAccessory': False, 'isTie': False, 'isFreeShipping': True, 'isSampleCat': True, 'brand': '', 'brandUrl': '', 'brandInfo': {'desc': ''}, 'fabric': '', 'imgUrl': 'https://cdn-1.azazie.com/upimg/s290/00/a4/578463849f99d558a02a7b05699e00a4.jpg', 'detailUrl': '/products/azazie-sedona-wedding-dress?color=diamond-white/champagne', 'available': True, 'totalPrice': 349, 'totalPriceDisplay': '$349', 'totalNoDealPrice': 349, 'totalNoDealPriceDisplay': '$349', 'totalSaved': 0, 'totalSavedDisplay': '$0', 'formatStyles': {'color': {'id': 11629, 'name': 'Dress Color', 'value': 'Diamond White/Champagne'}, 'size': {'standardSize': {'id': 6765, 'name': 'WD0', 'key': 'wd0', 'items': [{'name': 'Bust', 'key': 'bust', 'value': '32.00', 'valueFaction': 32, 'unit': 'inch'}, {'name': 'Waist', 'key': 'waist', 'value': 25.5, 'valueFaction': '25 ½', 'unit': 'inch'}, {'name': 'Hips', 'key': 'hips', 'value': 35.5, 'valueFaction': '35 ½', 'unit': 'inch'}, {'name': 'Hollow to Floor', 'key': 'hollow_to_floor', 'value': '58.00', 'valueFaction': 58, 'unit': 'inch'}, {'name': 'Hollow to Hem', 'key': 'hollow_to_hem', 'value': '41.00', 'valueFaction': 41, 'unit': 'inch'}]}}}, 'rushable': False, 'rushType': 'standard', 'makeInfo': {'min': 20, 'max': 28, 'minNature': 50, 'maxNature': 57, 'minDays': 36, 'maxDays': 41, 'minDaysO': 50, 'maxDaysO': 57, 'minWeeks': 7, 'maxWeeks': 8, 'useMinWeek': True, 'deltaTime': '7', 'note': 'Estimated production time 7 weeks, then it is shipped.', 'description': '7 Weeks', 'label': 'Estimated production time', 'displayTime': 41, 'transferTime': 9, 'minusDay': 0, 'originTransferTime': 0, 'originDeltaTime': 0, 'expeditedDeliverStr': '24  hours'}, 'editable': True, 'editType': 'all', 'extraInfo': [], 'stickers': [], 'previousName': ''}, {'recId': 8394595, 'goodsId': 1002091, 'userId': 2825644, 'sessionId': '', 'goodsSn': 'SN1523610931444', 'partySelectValue': '', 'fromSource': 'gift', 'goodsNumber': 1, 'goodsAttr': '{"is_gift":1}', 'isReal': 0, 'extensionCode': '', 'parentId': 0, 'recType': 0, 'isGift': True, 'canHandsel': 0, 'styleId': 0, 'styles': {'freestyle': 'false', 'select': {'color': '11646', 'colorName': 'white'}, 'size': '', 'size_type': '_inch', 'rush_type': 'standard', 'other': {'important_day': '0000-00-00'}, 'styleJson': '{"freestyle":"false","select":{"color":"11646"},"size":"","size_type":"_inch","rush_type":"standard","other":{"important_day":"0000-00-00"}}'}, 'forCheckout': 1, 'marketPrice': '2.00', 'wrapPrice': 0, 'goodsWeight': 0, 'sku': 0, 'catId': 37, 'dressType': 'dress', 'styleJson': '{"freestyle":"false","select":{"color":"11646"},"size":"","size_type":"_inch","rush_type":"standard","other":{"important_day":"0000-00-00"}}', 'isNew': 0, 'isOnSale': 1, 'shopPrice': 0, 'noDealPrice': 30, 'onSaleTime': '2018-06-14 13:02:48', 'brandId': 0, 'isDelete': 0, 'isDisplay': 1, 'isMassProduct': 0, 'isEspecialProduct': 0, 'supportStockSales': False, 'supportTryon': False, 'goodsThumb': '3a/99/3b28885b3818919fe07dec04aba33a99.jpg', 'imgType': 'sample', 'color': 'white', 'colorId': 4493, 'goodsName': 'Pannier', 'goodsUrlName': 'Azazie Free Pannier', 'styleTag': '', 'hasSash': False, 'defaultColor': 'white', 'defaultColorId': 4493, 'shownColor': 'White', 'categoryUrl': '/all/pannier', 'indexUrl': '/', 'goodsUrl': 'javascript:void(0)', 'goodsDefaultUrl': '/products/azazie-free-pannier', 'shownGoodsName': 'Pannier', 'isStockGoods': 0, 'defaultCatName': 'Pannier', 'catName': 'Pannier', 'priceSymbol': '$', 'hasPriceRule': False, 'shopPriceWithOutBonus': '0.00', 'priceOff': 30, 'shopPriceDisplay': '$0', 'noDealPriceDisplay': '$30', 'priceOffDisplay': '$30', 'hasLinePrice': True, 'hasAfterPay': True, 'canUseAfterPay': True, 'afterPayAmount': '$0', 'afterPayTips': 'or 4 interest-free payments of $0 by', 'isComingSoon': False, 'customizable': False, 'isSwatch': False, 'isSwatchBooklet': False, 'isDress': False, 'isGroomsmen': False, 'isAccessory': True, 'isTie': False, 'isFreeShipping': True, 'isSampleCat': False, 'brand': '', 'brandUrl': '', 'brandInfo': {'desc': ''}, 'fabric': '', 'imgUrl': 'https://cdn-1.azazie.com/upimg/s290/3a/99/3b28885b3818919fe07dec04aba33a99.jpg', 'detailUrl': 'javascript:void(0)', 'available': True, 'totalPrice': 0, 'totalPriceDisplay': '$0', 'totalNoDealPrice': 30, 'totalNoDealPriceDisplay': '$30', 'totalSaved': 30, 'totalSavedDisplay': '$30', 'formatStyles': {'color': {'id': '11646', 'name': 'Color', 'value': 'White'}}, 'rushable': False, 'rushType': 'standard', 'makeInfo': {'min': '0', 'max': 1, 'minNature': 1, 'maxNature': 3, 'minDays': 1, 'maxDays': 3, 'minDaysO': 1, 'maxDaysO': 3, 'minWeeks': 0, 'maxWeeks': 1, 'useMinWeek': False, 'deltaTime': '2', 'note': 'Estimated production time 1 days, then it is shipped.', 'description': '1 - 3 business days', 'label': 'Estimated shipping in', 'displayTime': '1', 'transferTime': 0, 'minusDay': 0, 'originTransferTime': 0, 'originDeltaTime': 0, 'expeditedDeliverStr': '24  hours'}, 'editable': False, 'editType': 'none', 'suffix': '(Free Gift)', 'extraInfo': [], 'stickers': [], 'previousName': ''}, {'recId': 8394597, 'goodsId': 1001154, 'userId': 2825644, 'sessionId': '', 'goodsSn': 'SN1454032673793', 'partySelectValue': '', 'fromSource': 'gift', 'goodsNumber': 1, 'goodsAttr': '{"is_gift":1}', 'isReal': 0, 'extensionCode': '', 'parentId': 0, 'recType': 0, 'isGift': True, 'canHandsel': 0, 'styleId': 0, 'styles': {'freestyle': 'false', 'select': [], 'size': '', 'size_type': '_inch', 'rush_type': 'standard', 'batch_type': '', 'other': {'important_day': '0000-00-00'}, 'styleJson': '{"freestyle":"false","select":[],"size":"","size_type":"_inch","rush_type":"standard","batch_type":"","other":{"important_day":"0000-00-00"}}'}, 'forCheckout': 1, 'marketPrice': '10.00', 'wrapPrice': 0, 'goodsWeight': 0, 'sku': 0, 'catId': 1508, 'dressType': 'dress', 'styleJson': '{"freestyle":"false","select":[],"size":"","size_type":"_inch","rush_type":"standard","batch_type":"","other":{"important_day":"0000-00-00"}}', 'isNew': 0, 'isOnSale': 1, 'shopPrice': 0, 'noDealPrice': 9, 'onSaleTime': '2020-09-29 21:21:40', 'brandId': 0, 'isDelete': 0, 'isDisplay': 1, 'isMassProduct': 0, 'isEspecialProduct': 0, 'supportStockSales': False, 'supportTryon': False, 'goodsThumb': '2d/a5/98f7b179e24a4fb899219f7ec7462da5.jpg', 'imgType': 'sample', 'color': '', 'colorId': 0, 'goodsName': 'Azazie Wedding Garment Bag', 'goodsUrlName': 'Azazie Wedding Garment Bag', 'styleTag': '', 'hasSash': False, 'defaultColor': '', 'defaultColorId': 0, 'shownColor': '', 'categoryUrl': '/all/garment-bags', 'indexUrl': '/', 'goodsUrl': '/products/azazie-wedding-garment-bag', 'goodsDefaultUrl': '/products/azazie-wedding-garment-bag', 'shownGoodsName': 'Azazie Wedding Garment Bag', 'isStockGoods': 0, 'defaultCatName': 'Garment Bags', 'catName': 'Garment Bags', 'priceSymbol': '$', 'hasPriceRule': False, 'shopPriceWithOutBonus': '0.00', 'priceOff': 9, 'shopPriceDisplay': '$0', 'noDealPriceDisplay': '$9', 'priceOffDisplay': '$9', 'hasLinePrice': True, 'hasAfterPay': True, 'canUseAfterPay': True, 'afterPayAmount': '$0', 'afterPayTips': 'or 4 interest-free payments of $0 by', 'isComingSoon': False, 'customizable': False, 'isSwatch': False, 'isSwatchBooklet': False, 'isDress': False, 'isGroomsmen': False, 'isAccessory': True, 'isTie': False, 'isFreeShipping': False, 'isSampleCat': False, 'brand': '', 'brandUrl': '', 'brandInfo': {'desc': ''}, 'fabric': '', 'imgUrl': 'https://cdn-1.azazie.com/upimg/s290/2d/a5/98f7b179e24a4fb899219f7ec7462da5.jpg', 'detailUrl': '/products/azazie-wedding-garment-bag', 'available': True, 'totalPrice': 0, 'totalPriceDisplay': '$0', 'totalNoDealPrice': 9, 'totalNoDealPriceDisplay': '$9', 'totalSaved': 9, 'totalSavedDisplay': '$9', 'formatStyles': [], 'rushable': False, 'rushType': 'standard', 'makeInfo': {'min': '0', 'max': 4, 'minNature': 4, 'maxNature': 6, 'minDays': 2, 'maxDays': 4, 'minDaysO': 4, 'maxDaysO': 6, 'minWeeks': 1, 'maxWeeks': 1, 'useMinWeek': False, 'deltaTime': '2', 'note': 'Estimated production time 4 days, then it is shipped.', 'description': '2 - 4 business days', 'label': 'Estimated shipping in', 'displayTime': '2', 'transferTime': 2, 'minusDay': 0, 'originTransferTime': 0, 'originDeltaTime': 0, 'expeditedDeliverStr': '24  hours'}, 'editable': False, 'editType': 'none', 'suffix': '(Free Gift)', 'extraInfo': [], 'stickers': [], 'previousName': ''}], 'invalidCheckoutGoodsList': [], 'validCheckoutGoodsList': [{'recId': 8394596, 'goodsId': 1002167, 'userId': 2825644, 'sessionId': '', 'goodsSn': 'SN1533017470275', 'partySelectValue': '', 'fromSource': '', 'goodsNumber': 1, 'goodsAttr': '', 'isReal': 0, 'extensionCode': '', 'parentId': 0, 'recType': 0, 'isGift': 0, 'canHandsel': 0, 'styleId': 0, 'styles': {'size_type': '_inch', 'select': {'color': 11629, 'size': 6765, 'colorName': 'diamond_white/champagne', 'sizeName': 'wd0'}, 'rush_type': 'standard', 'freestyle': 'true', 'other': {'important_day': '0000-00-00'}, 'styleJson': '{"size_type":"_inch","select":{"color":11629,"size":6765},"rush_type":"standard","freestyle":"true","other":{"important_day":"0000-00-00"}}'}, 'forCheckout': 1, 'marketPrice': '1000.00', 'wrapPrice': 0, 'goodsWeight': 0, 'sku': 0, 'catId': 2, 'dressType': 'dress', 'styleJson': '{"size_type":"_inch","select":{"color":11629,"size":6765},"rush_type":"standard","freestyle":"true","other":{"important_day":"0000-00-00"}}', 'isNew': 0, 'isOnSale': 1, 'shopPrice': 349, 'noDealPrice': 349, 'onSaleTime': '2018-09-20 08:34:23', 'brandId': 0, 'isDelete': 0, 'isDisplay': 1, 'isMassProduct': 0, 'isEspecialProduct': 0, 'supportStockSales': False, 'supportTryon': False, 'goodsThumb': '00/a4/578463849f99d558a02a7b05699e00a4.jpg', 'imgType': 'photo', 'color': 'diamond_white/champagne', 'colorId': 11633, 'goodsName': 'Azazie Sedona BG', 'goodsUrlName': 'Azazie Sedona Wedding Dress', 'styleTag': '', 'hasSash': False, 'defaultColor': 'diamond_white/champagne', 'defaultColorId': 11633, 'shownColor': 'Diamond White/Champagne', 'categoryUrl': '/all/wedding-dresses', 'indexUrl': '/', 'goodsUrl': '/products/azazie-sedona-wedding-dress?color=diamond-white/champagne', 'goodsDefaultUrl': '/products/azazie-sedona-wedding-dress', 'shownGoodsName': 'Azazie Sedona BG', 'isStockGoods': 0, 'defaultCatName': 'Wedding Dresses', 'catName': 'Wedding Dresses', 'priceSymbol': '$', 'hasPriceRule': False, 'shopPriceWithOutBonus': '349.00', 'priceOff': 0, 'shopPriceDisplay': '$349', 'noDealPriceDisplay': '$349', 'priceOffDisplay': '$0', 'hasLinePrice': False, 'hasAfterPay': True, 'canUseAfterPay': True, 'afterPayAmount': '$87.25', 'afterPayTips': 'or 4 interest-free payments of $87.25 by', 'isComingSoon': False, 'customizable': False, 'isSwatch': False, 'isSwatchBooklet': False, 'isDress': True, 'isGroomsmen': False, 'isAccessory': False, 'isTie': False, 'isFreeShipping': True, 'isSampleCat': True, 'brand': '', 'brandUrl': '', 'brandInfo': {'desc': ''}, 'fabric': '', 'imgUrl': 'https://cdn-1.azazie.com/upimg/s290/00/a4/578463849f99d558a02a7b05699e00a4.jpg', 'detailUrl': '/products/azazie-sedona-wedding-dress?color=diamond-white/champagne', 'available': True, 'totalPrice': 349, 'totalPriceDisplay': '$349', 'totalNoDealPrice': 349, 'totalNoDealPriceDisplay': '$349', 'totalSaved': 0, 'totalSavedDisplay': '$0', 'formatStyles': {'color': {'id': 11629, 'name': 'Dress Color', 'value': 'Diamond White/Champagne'}, 'size': {'standardSize': {'id': 6765, 'name': 'WD0', 'key': 'wd0', 'items': [{'name': 'Bust', 'key': 'bust', 'value': '32.00', 'valueFaction': 32, 'unit': 'inch'}, {'name': 'Waist', 'key': 'waist', 'value': 25.5, 'valueFaction': '25 ½', 'unit': 'inch'}, {'name': 'Hips', 'key': 'hips', 'value': 35.5, 'valueFaction': '35 ½', 'unit': 'inch'}, {'name': 'Hollow to Floor', 'key': 'hollow_to_floor', 'value': '58.00', 'valueFaction': 58, 'unit': 'inch'}, {'name': 'Hollow to Hem', 'key': 'hollow_to_hem', 'value': '41.00', 'valueFaction': 41, 'unit': 'inch'}]}}}, 'rushable': False, 'rushType': 'standard', 'makeInfo': {'min': 20, 'max': 28, 'minNature': 50, 'maxNature': 57, 'minDays': 36, 'maxDays': 41, 'minDaysO': 50, 'maxDaysO': 57, 'minWeeks': 7, 'maxWeeks': 8, 'useMinWeek': True, 'deltaTime': '7', 'note': 'Estimated production time 7 weeks, then it is shipped.', 'description': '7 Weeks', 'label': 'Estimated production time', 'displayTime': 41, 'transferTime': 9, 'minusDay': 0, 'originTransferTime': 0, 'originDeltaTime': 0, 'expeditedDeliverStr': '24  hours'}, 'editable': True, 'editType': 'all', 'extraInfo': [], 'stickers': [], 'previousName': ''}, {'recId': 8394595, 'goodsId': 1002091, 'userId': 2825644, 'sessionId': '', 'goodsSn': 'SN1523610931444', 'partySelectValue': '', 'fromSource': 'gift', 'goodsNumber': 1, 'goodsAttr': '{"is_gift":1}', 'isReal': 0, 'extensionCode': '', 'parentId': 0, 'recType': 0, 'isGift': True, 'canHandsel': 0, 'styleId': 0, 'styles': {'freestyle': 'false', 'select': {'color': '11646', 'colorName': 'white'}, 'size': '', 'size_type': '_inch', 'rush_type': 'standard', 'other': {'important_day': '0000-00-00'}, 'styleJson': '{"freestyle":"false","select":{"color":"11646"},"size":"","size_type":"_inch","rush_type":"standard","other":{"important_day":"0000-00-00"}}'}, 'forCheckout': 1, 'marketPrice': '2.00', 'wrapPrice': 0, 'goodsWeight': 0, 'sku': 0, 'catId': 37, 'dressType': 'dress', 'styleJson': '{"freestyle":"false","select":{"color":"11646"},"size":"","size_type":"_inch","rush_type":"standard","other":{"important_day":"0000-00-00"}}', 'isNew': 0, 'isOnSale': 1, 'shopPrice': 0, 'noDealPrice': 30, 'onSaleTime': '2018-06-14 13:02:48', 'brandId': 0, 'isDelete': 0, 'isDisplay': 1, 'isMassProduct': 0, 'isEspecialProduct': 0, 'supportStockSales': False, 'supportTryon': False, 'goodsThumb': '3a/99/3b28885b3818919fe07dec04aba33a99.jpg', 'imgType': 'sample', 'color': 'white', 'colorId': 4493, 'goodsName': 'Pannier', 'goodsUrlName': 'Azazie Free Pannier', 'styleTag': '', 'hasSash': False, 'defaultColor': 'white', 'defaultColorId': 4493, 'shownColor': 'White', 'categoryUrl': '/all/pannier', 'indexUrl': '/', 'goodsUrl': 'javascript:void(0)', 'goodsDefaultUrl': '/products/azazie-free-pannier', 'shownGoodsName': 'Pannier', 'isStockGoods': 0, 'defaultCatName': 'Pannier', 'catName': 'Pannier', 'priceSymbol': '$', 'hasPriceRule': False, 'shopPriceWithOutBonus': '0.00', 'priceOff': 30, 'shopPriceDisplay': '$0', 'noDealPriceDisplay': '$30', 'priceOffDisplay': '$30', 'hasLinePrice': True, 'hasAfterPay': True, 'canUseAfterPay': True, 'afterPayAmount': '$0', 'afterPayTips': 'or 4 interest-free payments of $0 by', 'isComingSoon': False, 'customizable': False, 'isSwatch': False, 'isSwatchBooklet': False, 'isDress': False, 'isGroomsmen': False, 'isAccessory': True, 'isTie': False, 'isFreeShipping': True, 'isSampleCat': False, 'brand': '', 'brandUrl': '', 'brandInfo': {'desc': ''}, 'fabric': '', 'imgUrl': 'https://cdn-1.azazie.com/upimg/s290/3a/99/3b28885b3818919fe07dec04aba33a99.jpg', 'detailUrl': 'javascript:void(0)', 'available': True, 'totalPrice': 0, 'totalPriceDisplay': '$0', 'totalNoDealPrice': 30, 'totalNoDealPriceDisplay': '$30', 'totalSaved': 30, 'totalSavedDisplay': '$30', 'formatStyles': {'color': {'id': '11646', 'name': 'Color', 'value': 'White'}}, 'rushable': False, 'rushType': 'standard', 'makeInfo': {'min': '0', 'max': 1, 'minNature': 1, 'maxNature': 3, 'minDays': 1, 'maxDays': 3, 'minDaysO': 1, 'maxDaysO': 3, 'minWeeks': 0, 'maxWeeks': 1, 'useMinWeek': False, 'deltaTime': '2', 'note': 'Estimated production time 1 days, then it is shipped.', 'description': '1 - 3 business days', 'label': 'Estimated shipping in', 'displayTime': '1', 'transferTime': 0, 'minusDay': 0, 'originTransferTime': 0, 'originDeltaTime': 0, 'expeditedDeliverStr': '24  hours'}, 'editable': False, 'editType': 'none', 'suffix': '(Free Gift)', 'extraInfo': [], 'stickers': [], 'previousName': ''}, {'recId': 8394597, 'goodsId': 1001154, 'userId': 2825644, 'sessionId': '', 'goodsSn': 'SN1454032673793', 'partySelectValue': '', 'fromSource': 'gift', 'goodsNumber': 1, 'goodsAttr': '{"is_gift":1}', 'isReal': 0, 'extensionCode': '', 'parentId': 0, 'recType': 0, 'isGift': True, 'canHandsel': 0, 'styleId': 0, 'styles': {'freestyle': 'false', 'select': [], 'size': '', 'size_type': '_inch', 'rush_type': 'standard', 'batch_type': '', 'other': {'important_day': '0000-00-00'}, 'styleJson': '{"freestyle":"false","select":[],"size":"","size_type":"_inch","rush_type":"standard","batch_type":"","other":{"important_day":"0000-00-00"}}'}, 'forCheckout': 1, 'marketPrice': '10.00', 'wrapPrice': 0, 'goodsWeight': 0, 'sku': 0, 'catId': 1508, 'dressType': 'dress', 'styleJson': '{"freestyle":"false","select":[],"size":"","size_type":"_inch","rush_type":"standard","batch_type":"","other":{"important_day":"0000-00-00"}}', 'isNew': 0, 'isOnSale': 1, 'shopPrice': 0, 'noDealPrice': 9, 'onSaleTime': '2020-09-29 21:21:40', 'brandId': 0, 'isDelete': 0, 'isDisplay': 1, 'isMassProduct': 0, 'isEspecialProduct': 0, 'supportStockSales': False, 'supportTryon': False, 'goodsThumb': '2d/a5/98f7b179e24a4fb899219f7ec7462da5.jpg', 'imgType': 'sample', 'color': '', 'colorId': 0, 'goodsName': 'Azazie Wedding Garment Bag', 'goodsUrlName': 'Azazie Wedding Garment Bag', 'styleTag': '', 'hasSash': False, 'defaultColor': '', 'defaultColorId': 0, 'shownColor': '', 'categoryUrl': '/all/garment-bags', 'indexUrl': '/', 'goodsUrl': '/products/azazie-wedding-garment-bag', 'goodsDefaultUrl': '/products/azazie-wedding-garment-bag', 'shownGoodsName': 'Azazie Wedding Garment Bag', 'isStockGoods': 0, 'defaultCatName': 'Garment Bags', 'catName': 'Garment Bags', 'priceSymbol': '$', 'hasPriceRule': False, 'shopPriceWithOutBonus': '0.00', 'priceOff': 9, 'shopPriceDisplay': '$0', 'noDealPriceDisplay': '$9', 'priceOffDisplay': '$9', 'hasLinePrice': True, 'hasAfterPay': True, 'canUseAfterPay': True, 'afterPayAmount': '$0', 'afterPayTips': 'or 4 interest-free payments of $0 by', 'isComingSoon': False, 'customizable': False, 'isSwatch': False, 'isSwatchBooklet': False, 'isDress': False, 'isGroomsmen': False, 'isAccessory': True, 'isTie': False, 'isFreeShipping': False, 'isSampleCat': False, 'brand': '', 'brandUrl': '', 'brandInfo': {'desc': ''}, 'fabric': '', 'imgUrl': 'https://cdn-1.azazie.com/upimg/s290/2d/a5/98f7b179e24a4fb899219f7ec7462da5.jpg', 'detailUrl': '/products/azazie-wedding-garment-bag', 'available': True, 'totalPrice': 0, 'totalPriceDisplay': '$0', 'totalNoDealPrice': 9, 'totalNoDealPriceDisplay': '$9', 'totalSaved': 9, 'totalSavedDisplay': '$9', 'formatStyles': [], 'rushable': False, 'rushType': 'standard', 'makeInfo': {'min': '0', 'max': 4, 'minNature': 4, 'maxNature': 6, 'minDays': 2, 'maxDays': 4, 'minDaysO': 4, 'maxDaysO': 6, 'minWeeks': 1, 'maxWeeks': 1, 'useMinWeek': False, 'deltaTime': '2', 'note': 'Estimated production time 4 days, then it is shipped.', 'description': '2 - 4 business days', 'label': 'Estimated shipping in', 'displayTime': '2', 'transferTime': 2, 'minusDay': 0, 'originTransferTime': 0, 'originDeltaTime': 0, 'expeditedDeliverStr': '24  hours'}, 'editable': False, 'editType': 'none', 'suffix': '(Free Gift)', 'extraInfo': [], 'stickers': [], 'previousName': ''}], 'redeemedGoodsList': [], 'invalidCheckoutGoodsRecIds': [], 'saveForLaterGoodsList': [], 'awardInfo': [], 'statusToCheck': [], 'goodsIsSplitOrder': False, 'couponInfo': None, 'redeemedStatus': {'status': {'isEnabled': False, 'goodsNumLimit': None, 'gap': '$0', 'throttle': None, 'canExchange': False}, 'goodsList': []}, 'activityInfo': [], 'seoInfo': {'title': 'Shopping cart', 'keywords': 'shopping cart', 'description': 'shopping cart'}, 'dataLayerInfo': {'trackId': '', 'platform': 'PC', 'lang': 'en', 'currency': 'USD', 'site_type': 'd', 'pinterest_tag_type': 'complicated', 'gaTransactionFlag': False, 'trackCode': 'cart', 'pageCode': 'cart', 'userType': 'Member', 'remarking_google_custom_params': {'ecomm_prodid': ['AZcUSleng1002167', 'AZcUSleng1002091', 'AZcUSleng1001154'], 'ecomm_totalvalue': 349, 'ecomm_pagetype': 'cart'}, 'productsInfo': [{'id': 1002167, 'price': 349, 'quantity': 1}, {'id': 1002091, 'price': 0, 'quantity': 1}, {'id': 1001154, 'price': 0, 'quantity': 1}], 'pinterest_tag_event_detail': {'line_items': [{'product_id': 'AZcUSleng1002167c11633', 'product_price': 349, 'product_name': 'Azazie Sedona BG', 'product_category': 'Wedding Dresses', 'product_quantity': 1}, {'product_id': 'AZcUSleng1002091c4493', 'product_price': 0, 'product_name': 'Pannier', 'product_category': 'Pannier', 'product_quantity': 1}, {'product_id': 'AZcUSleng1001154c0', 'product_price': 0, 'product_name': 'Azazie Wedding Garment Bag', 'product_category': 'Garment Bags', 'product_quantity': 1}], 'value': 349, 'order_quantity': 3, 'currency': 'USD'}, 'pinterest_tag_event_name': 'addtocart', 'remarking_google_order_type': ''}}}
2021-11-04 22:33:59,695:SY_log:test_ywl:test_yewuliu.py:36:INFO:测试点:删除商品
2021-11-04 22:33:59,695:SY_log:send_request:handle_request.py:9:INFO:发起一次HTTP请求
2021-11-04 22:33:59,695:SY_log:send_request:handle_request.py:23:INFO:请求头为：{'Content-Type': 'application/json', 'Accept': 'application/json', 'x-app': 'pc', 'x-token': 'eyJ0eXAiOiJKV1QiLCJhbGciOiJIUzI1NiJ9.eyJpc3MiOiJhemF6aWUiLCJhdWQiOiJ1c2VycyIsImlhdCI6MTYzNjAzNjQzNywiZXhwIjoxNjM2NjQxMjM3LCJ1c2VyX2lkIjoyODI1NjQ0fQ.lm81jG5y0_DO7d7dgPwPN35yHnPBB2l_y44Ry5NThkk', 'x-project': 'azazie', 'x-countryCode': 'US'}
2021-11-04 22:33:59,695:SY_log:send_request:handle_request.py:24:INFO:请求方法为：DELETE
2021-11-04 22:33:59,695:SY_log:send_request:handle_request.py:25:INFO:请求url为：https://api-t-7.azazie.com/1.0/cart/goods/8394596
2021-11-04 22:33:59,695:SY_log:send_request:handle_request.py:26:INFO:请求数据为：{'is_real_delete': 'false'}
2021-11-04 22:34:00,535:SY_log:send_request:handle_request.py:44:INFO:响应状态码为：200
2021-11-04 22:34:00,535:SY_log:send_request:handle_request.py:45:INFO:响应数据为：{'code': 0, 'error': '', 'msg': 'success', 'data': {}}
2021-11-04 22:34:00,535:SY_log:tearDownClass:test_yewuliu.py:30:INFO:======  加车用例 执行结束  ========
